<?xml version="1.0" encoding="UTF-8"?>
<robot generator="Robot 7.0.1 (Python 3.12.4 on win32)" generated="2024-06-26T16:54:30.458887" rpa="false" schemaversion="5">
<suite id="s1" name="Testcase1" source="C:\Users\smartosc\Robotfamework\AutoRobot\test\testcases\testcase1.robot">
<test id="s1-t1" name="Login Test" line="7">
<kw name="Login To Application" owner="pages">
<kw name="Open Browser" owner="SeleniumLibrary">
<msg time="2024-06-26T16:54:30.830329" level="INFO">Opening browser 'chrome' to base url 'https://demo.nopcommerce.com/'.</msg>
<arg>${form_url.browserA}</arg>
<arg>chrome</arg>
<doc>Opens a new browser instance to the optional ``url``.</doc>
<status status="PASS" start="2024-06-26T16:54:30.830329" elapsed="3.378830"/>
</kw>
<kw name="Maximize Browser Window" owner="SeleniumLibrary">
<doc>Maximizes current browser window.</doc>
<status status="PASS" start="2024-06-26T16:54:34.209159" elapsed="0.039661"/>
</kw>
<kw name="Click Element" owner="SeleniumLibrary">
<msg time="2024-06-26T16:54:34.250326" level="INFO">Clicking element 'xpath=//a[@class='ico-register']'.</msg>
<arg>${dictMinh.register_button}</arg>
<doc>Click the element identified by ``locator``.</doc>
<status status="PASS" start="2024-06-26T16:54:34.248820" elapsed="0.447712"/>
</kw>
<kw name="Input Text" owner="SeleniumLibrary">
<msg time="2024-06-26T16:54:34.698530" level="INFO">Typing text 'John Doe' into text field 'xpath=//input[@id='FirstName']'.</msg>
<arg>${dictMinh.first_Name}</arg>
<arg>${form_url.name}</arg>
<doc>Types the given ``text`` into the text field identified by ``locator``.</doc>
<status status="PASS" start="2024-06-26T16:54:34.696532" elapsed="0.102835"/>
</kw>
<kw name="Input Text" owner="SeleniumLibrary">
<msg time="2024-06-26T16:54:34.800365" level="INFO">Typing text 'John Doe' into text field 'xpath=//input[@id='LastName']'.</msg>
<arg>${dictMinh.lastName}</arg>
<arg>${form_url.name}</arg>
<doc>Types the given ``text`` into the text field identified by ``locator``.</doc>
<status status="PASS" start="2024-06-26T16:54:34.799367" elapsed="0.065274"/>
</kw>
<kw name="Select From List By Value" owner="SeleniumLibrary">
<msg time="2024-06-26T16:54:34.864641" level="INFO">Selecting options from selection list 'xpath=//select[@name='DateOfBirthDay']' by value 6.</msg>
<arg>${dictMinh.day}</arg>
<arg>6</arg>
<doc>Selects options from selection list ``locator`` by ``values``.</doc>
<status status="PASS" start="2024-06-26T16:54:34.864641" elapsed="0.062866"/>
</kw>
<kw name="Select From List By Value" owner="SeleniumLibrary">
<msg time="2024-06-26T16:54:34.927507" level="INFO">Selecting options from selection list 'xpath=//select[@name='DateOfBirthMonth']' by value 6.</msg>
<arg>${dictMinh.month}</arg>
<arg>6</arg>
<doc>Selects options from selection list ``locator`` by ``values``.</doc>
<status status="PASS" start="2024-06-26T16:54:34.927507" elapsed="0.068697"/>
</kw>
<kw name="Select From List By Value" owner="SeleniumLibrary">
<msg time="2024-06-26T16:54:34.999202" level="INFO">Selecting options from selection list 'xpath=//select[@name='DateOfBirthYear']' by value 1990.</msg>
<arg>${dictMinh.year}</arg>
<arg>1990</arg>
<doc>Selects options from selection list ``locator`` by ``values``.</doc>
<status status="PASS" start="2024-06-26T16:54:34.997203" elapsed="0.061346"/>
</kw>
<kw name="Input Text" owner="SeleniumLibrary">
<msg time="2024-06-26T16:54:35.058549" level="INFO">Typing text 'john.dode@sexample.com' into text field 'xpath=//input[@id='Email']'.</msg>
<arg>${dictMinh.email}</arg>
<arg>${form_url.email}</arg>
<doc>Types the given ``text`` into the text field identified by ``locator``.</doc>
<status status="PASS" start="2024-06-26T16:54:35.058549" elapsed="0.061498"/>
</kw>
<kw name="Input Text" owner="SeleniumLibrary">
<msg time="2024-06-26T16:54:35.120550" level="INFO">Typing text 'Minh$%&amp;*Sy7w6r' into text field 'xpath=//input[@id='Password']'.</msg>
<arg>${dictMinh.passwordd}</arg>
<arg>${form_url.password}</arg>
<doc>Types the given ``text`` into the text field identified by ``locator``.</doc>
<status status="PASS" start="2024-06-26T16:54:35.120047" elapsed="0.055692"/>
</kw>
<kw name="Input Text" owner="SeleniumLibrary">
<msg time="2024-06-26T16:54:35.176747" level="INFO">Typing text 'Minh$%&amp;*Sy7w6r' into text field 'xpath=//input[@id='ConfirmPassword']'.</msg>
<arg>${dictMinh.cfPassword}</arg>
<arg>${form_url.cfpasssword}</arg>
<doc>Types the given ``text`` into the text field identified by ``locator``.</doc>
<status status="PASS" start="2024-06-26T16:54:35.175739" elapsed="0.047836"/>
</kw>
<kw name="Click Element" owner="SeleniumLibrary">
<msg time="2024-06-26T16:54:35.223575" level="INFO">Clicking element 'xpath=//button[@id='register-button']'.</msg>
<arg>${dictMinh.registerButton}</arg>
<doc>Click the element identified by ``locator``.</doc>
<status status="PASS" start="2024-06-26T16:54:35.223575" elapsed="0.313733"/>
</kw>
<doc>Opens the browser and registers a new user</doc>
<status status="PASS" start="2024-06-26T16:54:30.829328" elapsed="4.707980"/>
</kw>
<kw name="Element Should Contain" owner="SeleniumLibrary">
<msg time="2024-06-26T16:54:35.693441" level="INFO" html="true">&lt;/td&gt;&lt;/tr&gt;&lt;tr&gt;&lt;td colspan="3"&gt;&lt;a href="selenium-screenshot-1.png"&gt;&lt;img src="selenium-screenshot-1.png" width="800px"&gt;&lt;/a&gt;</msg>
<msg time="2024-06-26T16:54:35.694440" level="FAIL">Element with locator 'xpath=//div[@class='result']' not found.</msg>
<arg>${dictMinh.sucessMsg}</arg>
<arg>Your registration completed</arg>
<doc>Verifies that element ``locator`` contains text ``expected``.</doc>
<status status="FAIL" start="2024-06-26T16:54:35.538307" elapsed="0.160874">Element with locator 'xpath=//div[@class='result']' not found.</status>
</kw>
<status status="FAIL" start="2024-06-26T16:54:30.829328" elapsed="4.869853">Element with locator 'xpath=//div[@class='result']' not found.</status>
</test>
<test id="s1-t2" name="Get value" line="10">
<kw name="Get List of text from locator" owner="pages">
<kw name="Get WebElements" owner="SeleniumLibrary">
<msg time="2024-06-26T16:54:35.711807" level="INFO">@{elements} = [ &lt;selenium.webdriver.remote.webelement.WebElement (session="1aa050efc08dc99ca1296bbc27bdd903", element="f.0A2B05738D64C0FF48DCFFF30C1DD0DA.d.840FC3F890E36095AAA6789851AC8285.e.128")&gt; | &lt;selenium.webd...</msg>
<var>@{elements}</var>
<arg>${listLocator.menu_value}</arg>
<doc>Returns a list of WebElement objects matching the ``locator``.</doc>
<status status="PASS" start="2024-06-26T16:54:35.700685" elapsed="0.011122"/>
</kw>
<kw name="Create List" owner="BuiltIn">
<msg time="2024-06-26T16:54:35.712808" level="INFO">@{list_values} = [ ]</msg>
<var>@{list_values}</var>
<doc>Returns a list containing given items.</doc>
<status status="PASS" start="2024-06-26T16:54:35.712808" elapsed="0.000000"/>
</kw>
<for flavor="IN">
<iter>
<kw name="Get Text" owner="SeleniumLibrary">
<msg time="2024-06-26T16:54:35.728419" level="INFO">${getMenuText} = Computers</msg>
<var>${getMenuText}</var>
<arg>${element}</arg>
<doc>Returns the text value of the element identified by ``locator``.</doc>
<status status="PASS" start="2024-06-26T16:54:35.712808" elapsed="0.015611"/>
</kw>
<kw name="Run Keyword If" owner="BuiltIn">
<msg time="2024-06-26T16:54:35.729418" level="FAIL">Keyword 'BuiltIn.Run Keyword If' expected at least 2 arguments, got 1.</msg>
<arg>'${getMenuText}' == 'Apprel'</arg>
<doc>Runs the given keyword with the given arguments, if ``condition`` is true.</doc>
<status status="FAIL" start="2024-06-26T16:54:35.728419" elapsed="0.000999">Keyword 'BuiltIn.Run Keyword If' expected at least 2 arguments, got 1.</status>
</kw>
<kw name="Click Element" owner="SeleniumLibrary">
<arg>${listLocator.menu_value}</arg>
<doc>Click the element identified by ``locator``.</doc>
<status status="NOT RUN" start="2024-06-26T16:54:35.729418" elapsed="0.000000"/>
</kw>
<var name="${element}">&lt;selenium.webdriver.remote.webelement.WebElement (session="1aa050efc08dc99ca1296bbc27bdd903", element="f.0A2B05738D64C0FF48DCFFF30C1DD0DA.d.840FC3F890E36095AAA6789851AC8285.e.128")&gt;</var>
<status status="FAIL" start="2024-06-26T16:54:35.712808" elapsed="0.016610">Keyword 'BuiltIn.Run Keyword If' expected at least 2 arguments, got 1.</status>
</iter>
<var>${element}</var>
<value>@{elements}</value>
<status status="FAIL" start="2024-06-26T16:54:35.712808" elapsed="0.016610">Keyword 'BuiltIn.Run Keyword If' expected at least 2 arguments, got 1.</status>
</for>
<kw name="Log Many" owner="BuiltIn">
<arg>@{list_values}</arg>
<doc>Logs the given messages as separate entries using the INFO level.</doc>
<status status="NOT RUN" start="2024-06-26T16:54:35.729418" elapsed="0.000000"/>
</kw>
<kw name="Append To List" owner="Collections">
<arg>${list_values}</arg>
<arg>Minhhh</arg>
<doc>Adds ``values`` to the end of ``list``.</doc>
<status status="NOT RUN" start="2024-06-26T16:54:35.729418" elapsed="0.000000"/>
</kw>
<kw name="Log Many" owner="BuiltIn">
<arg>@{list_values}</arg>
<doc>Logs the given messages as separate entries using the INFO level.</doc>
<status status="NOT RUN" start="2024-06-26T16:54:35.729418" elapsed="0.000000"/>
</kw>
<kw name="Create List" owner="BuiltIn">
<var>@{my_list_B}</var>
<arg>MInh</arg>
<arg>Tram</arg>
<arg>Tu</arg>
<arg>Tuan</arg>
<doc>Returns a list containing given items.</doc>
<status status="NOT RUN" start="2024-06-26T16:54:35.729418" elapsed="0.000000"/>
</kw>
<kw name="Log" owner="BuiltIn">
<arg>Last name: ${my_list_B}</arg>
<doc>Logs the given message with the given level.</doc>
<status status="NOT RUN" start="2024-06-26T16:54:35.729418" elapsed="0.000000"/>
</kw>
<kw name="Create List" owner="BuiltIn">
<var>${my_list_C}</var>
<arg>${list_values}</arg>
<arg>${my_list_B}</arg>
<doc>Returns a list containing given items.</doc>
<status status="NOT RUN" start="2024-06-26T16:54:35.729418" elapsed="0.000000"/>
</kw>
<kw name="Log" owner="BuiltIn">
<arg>Combined list: ${my_list_C}</arg>
<doc>Logs the given message with the given level.</doc>
<status status="NOT RUN" start="2024-06-26T16:54:35.729418" elapsed="0.000000"/>
</kw>
<kw name="List Should Contain Value" owner="Collections">
<arg>${my_list_B}</arg>
<arg>Tu</arg>
<doc>Fails if the ``value`` is not found from ``list``.</doc>
<status status="NOT RUN" start="2024-06-26T16:54:35.729418" elapsed="0.000000"/>
</kw>
<status status="FAIL" start="2024-06-26T16:54:35.700685" elapsed="0.028733">Keyword 'BuiltIn.Run Keyword If' expected at least 2 arguments, got 1.</status>
</kw>
<status status="FAIL" start="2024-06-26T16:54:35.700685" elapsed="0.029732">Keyword 'BuiltIn.Run Keyword If' expected at least 2 arguments, got 1.</status>
</test>
<status status="FAIL" start="2024-06-26T16:54:30.460393" elapsed="5.271075"/>
</suite>
<statistics>
<total>
<stat pass="0" fail="2" skip="0">All Tests</stat>
</total>
<tag>
</tag>
<suite>
<stat pass="0" fail="2" skip="0" id="s1" name="Testcase1">Testcase1</stat>
</suite>
</statistics>
<errors>
</errors>
</robot>
